[debug] [2024-07-08T12:09:35.601Z] ----------------------------------------------------------------------
[debug] [2024-07-08T12:09:35.602Z] Command:       C:\Program Files\nodejs\node.exe C:\Users\Lenovo\AppData\Roaming\npm\node_modules\firebase-tools\lib\bin\firebase.js init
[debug] [2024-07-08T12:09:35.603Z] CLI Version:   13.13.0
[debug] [2024-07-08T12:09:35.603Z] Platform:      win32
[debug] [2024-07-08T12:09:35.603Z] Node Version:  v20.15.0
[debug] [2024-07-08T12:09:35.603Z] Time:          Mon Jul 08 2024 15:09:35 GMT+0300 (GMT+03:00)
[debug] [2024-07-08T12:09:35.603Z] ----------------------------------------------------------------------
[debug] 
[debug] [2024-07-08T12:09:35.655Z] > command requires scopes: ["email","openid","https://www.googleapis.com/auth/cloudplatformprojects.readonly","https://www.googleapis.com/auth/firebase","https://www.googleapis.com/auth/cloud-platform"]
[debug] [2024-07-08T12:09:35.655Z] > authorizing via signed-in user (ceylincetiner54@gmail.com)
[info] 
     ######## #### ########  ######## ########     ###     ######  ########
     ##        ##  ##     ## ##       ##     ##  ##   ##  ##       ##
     ######    ##  ########  ######   ########  #########  ######  ######
     ##        ##  ##    ##  ##       ##     ## ##     ##       ## ##
     ##       #### ##     ## ######## ########  ##     ##  ######  ########

You're about to initialize a Firebase project in this directory:

  C:\Users\Lenovo

Before we get started, keep in mind:

  * You are initializing within an existing Firebase project directory

